2019-11-04 21:34:52.936  INFO DESKTOP-QUT4GD8 --- [           main] o.h.Version                              : HHH000412: Hibernate Core {5.3.9.Final}
2019-11-04 21:34:52.953  INFO DESKTOP-QUT4GD8 --- [           main] o.h.c.Environment                        : HHH000206: hibernate.properties not found
2019-11-04 21:34:53.921  WARN DESKTOP-QUT4GD8 --- [           main] o.h.o.deprecation                        : HHH90000012: Recognized obsolete hibernate namespace http://hibernate.sourceforge.net/hibernate-configuration. Use namespace http://www.hibernate.org/dtd/hibernate-configuration instead.  Support for obsolete DTD/XSD namespaces may be removed at any time.
2019-11-04 21:34:54.274  INFO DESKTOP-QUT4GD8 --- [           main] o.h.a.c.Version                          : HCANN000001: Hibernate Commons Annotations {5.0.4.Final}
2019-11-04 21:34:55.583  WARN DESKTOP-QUT4GD8 --- [           main] o.h.o.c.pooling                          : HHH10001002: Using Hibernate built-in connection pool (not for production use!)
2019-11-04 21:34:55.607  INFO DESKTOP-QUT4GD8 --- [           main] o.h.o.c.pooling                          : HHH10001005: using driver [org.h2.Driver] at URL [jdbc:h2:mem:testdb]
2019-11-04 21:34:55.607  INFO DESKTOP-QUT4GD8 --- [           main] o.h.o.c.pooling                          : HHH10001001: Connection properties: {user=sa, password=****}
2019-11-04 21:34:55.607  INFO DESKTOP-QUT4GD8 --- [           main] o.h.o.c.pooling                          : HHH10001003: Autocommit mode: false
2019-11-04 21:34:55.615  INFO DESKTOP-QUT4GD8 --- [           main] .c.i.DriverManagerConnectionProviderImpl : HHH000115: Hibernate connection pool size: 20 (min=1)
2019-11-04 21:34:56.031  INFO DESKTOP-QUT4GD8 --- [           main] o.h.d.Dialect                            : HHH000400: Using dialect: org.hibernate.dialect.H2Dialect
2019-11-04 21:34:56.196  INFO DESKTOP-QUT4GD8 --- [           main] o.h.e.j.e.i.LobCreatorBuilderImpl        : HHH000423: Disabling contextual LOB creation as JDBC driver reported JDBC version [3] less than 4
2019-11-04 21:34:59.928  INFO DESKTOP-QUT4GD8 --- [           main] o.h.o.c.access                           : HHH10001501: Connection obtained from JdbcConnectionAccess [org.hibernate.engine.jdbc.env.internal.JdbcEnvironmentInitiator$ConnectionProviderJdbcConnectionAccess@706cb08] for (non-JTA) DDL execution was not in auto-commit mode; the Connection 'local transaction' will be committed and the Connection will be set into auto-commit mode.
2019-11-04 21:35:00.049  INFO DESKTOP-QUT4GD8 --- [           main] o.h.h.i.QueryTranslatorFactoryInitiator  : HHH000397: Using ASTQueryTranslatorFactory
2019-11-04 21:35:51.513  INFO DESKTOP-QUT4GD8 --- [           main] o.h.Version                              : HHH000412: Hibernate Core {5.3.9.Final}
2019-11-04 21:35:51.525  INFO DESKTOP-QUT4GD8 --- [           main] o.h.c.Environment                        : HHH000206: hibernate.properties not found
2019-11-04 21:35:51.985  WARN DESKTOP-QUT4GD8 --- [           main] o.h.o.deprecation                        : HHH90000012: Recognized obsolete hibernate namespace http://hibernate.sourceforge.net/hibernate-configuration. Use namespace http://www.hibernate.org/dtd/hibernate-configuration instead.  Support for obsolete DTD/XSD namespaces may be removed at any time.
2019-11-04 21:35:52.877  INFO DESKTOP-QUT4GD8 --- [           main] o.h.a.c.Version                          : HCANN000001: Hibernate Commons Annotations {5.0.4.Final}
2019-11-04 21:35:53.784  WARN DESKTOP-QUT4GD8 --- [           main] o.h.o.c.pooling                          : HHH10001002: Using Hibernate built-in connection pool (not for production use!)
2019-11-04 21:35:53.798  INFO DESKTOP-QUT4GD8 --- [           main] o.h.o.c.pooling                          : HHH10001005: using driver [org.h2.Driver] at URL [jdbc:h2:mem:testdb]
2019-11-04 21:35:53.798  INFO DESKTOP-QUT4GD8 --- [           main] o.h.o.c.pooling                          : HHH10001001: Connection properties: {user=sa, password=****}
2019-11-04 21:35:53.798  INFO DESKTOP-QUT4GD8 --- [           main] o.h.o.c.pooling                          : HHH10001003: Autocommit mode: false
2019-11-04 21:35:53.804  INFO DESKTOP-QUT4GD8 --- [           main] .c.i.DriverManagerConnectionProviderImpl : HHH000115: Hibernate connection pool size: 20 (min=1)
2019-11-04 21:35:53.955  INFO DESKTOP-QUT4GD8 --- [           main] o.h.d.Dialect                            : HHH000400: Using dialect: org.hibernate.dialect.H2Dialect
2019-11-04 21:35:54.062  INFO DESKTOP-QUT4GD8 --- [           main] o.h.e.j.e.i.LobCreatorBuilderImpl        : HHH000423: Disabling contextual LOB creation as JDBC driver reported JDBC version [3] less than 4
2019-11-04 21:35:55.613  INFO DESKTOP-QUT4GD8 --- [           main] o.h.o.c.access                           : HHH10001501: Connection obtained from JdbcConnectionAccess [org.hibernate.engine.jdbc.env.internal.JdbcEnvironmentInitiator$ConnectionProviderJdbcConnectionAccess@706cb08] for (non-JTA) DDL execution was not in auto-commit mode; the Connection 'local transaction' will be committed and the Connection will be set into auto-commit mode.
2019-11-04 21:35:55.736  INFO DESKTOP-QUT4GD8 --- [           main] o.h.h.i.QueryTranslatorFactoryInitiator  : HHH000397: Using ASTQueryTranslatorFactory
2019-11-04 22:21:31.832  INFO DESKTOP-QUT4GD8 --- [           main] o.h.Version                              : HHH000412: Hibernate Core {5.3.9.Final}
2019-11-04 22:21:31.879  INFO DESKTOP-QUT4GD8 --- [           main] o.h.c.Environment                        : HHH000206: hibernate.properties not found
2019-11-04 22:21:32.587  WARN DESKTOP-QUT4GD8 --- [           main] o.h.o.deprecation                        : HHH90000012: Recognized obsolete hibernate namespace http://hibernate.sourceforge.net/hibernate-configuration. Use namespace http://www.hibernate.org/dtd/hibernate-configuration instead.  Support for obsolete DTD/XSD namespaces may be removed at any time.
2019-11-04 22:21:33.168  INFO DESKTOP-QUT4GD8 --- [           main] o.h.a.c.Version                          : HCANN000001: Hibernate Commons Annotations {5.0.4.Final}
2019-11-04 22:21:33.867  WARN DESKTOP-QUT4GD8 --- [           main] o.h.o.c.pooling                          : HHH10001002: Using Hibernate built-in connection pool (not for production use!)
2019-11-04 22:21:33.883  INFO DESKTOP-QUT4GD8 --- [           main] o.h.o.c.pooling                          : HHH10001005: using driver [org.h2.Driver] at URL [jdbc:h2:mem:testdb]
2019-11-04 22:21:33.883  INFO DESKTOP-QUT4GD8 --- [           main] o.h.o.c.pooling                          : HHH10001001: Connection properties: {user=sa, password=****}
2019-11-04 22:21:33.883  INFO DESKTOP-QUT4GD8 --- [           main] o.h.o.c.pooling                          : HHH10001003: Autocommit mode: false
2019-11-04 22:21:33.898  INFO DESKTOP-QUT4GD8 --- [           main] .c.i.DriverManagerConnectionProviderImpl : HHH000115: Hibernate connection pool size: 20 (min=1)
2019-11-04 22:21:34.117  INFO DESKTOP-QUT4GD8 --- [           main] o.h.d.Dialect                            : HHH000400: Using dialect: org.hibernate.dialect.H2Dialect
2019-11-04 22:21:34.213  INFO DESKTOP-QUT4GD8 --- [           main] o.h.e.j.e.i.LobCreatorBuilderImpl        : HHH000423: Disabling contextual LOB creation as JDBC driver reported JDBC version [3] less than 4
2019-11-04 22:21:35.809  INFO DESKTOP-QUT4GD8 --- [           main] o.h.o.c.access                           : HHH10001501: Connection obtained from JdbcConnectionAccess [org.hibernate.engine.jdbc.env.internal.JdbcEnvironmentInitiator$ConnectionProviderJdbcConnectionAccess@706cb08] for (non-JTA) DDL execution was not in auto-commit mode; the Connection 'local transaction' will be committed and the Connection will be set into auto-commit mode.
2019-11-04 22:21:35.899  INFO DESKTOP-QUT4GD8 --- [           main] o.h.h.i.QueryTranslatorFactoryInitiator  : HHH000397: Using ASTQueryTranslatorFactory
2019-11-04 22:45:33.616  INFO DESKTOP-QUT4GD8 --- [           main] o.h.Version                              : HHH000412: Hibernate Core {5.3.9.Final}
2019-11-04 22:45:33.633  INFO DESKTOP-QUT4GD8 --- [           main] o.h.c.Environment                        : HHH000206: hibernate.properties not found
2019-11-04 22:45:34.111  WARN DESKTOP-QUT4GD8 --- [           main] o.h.o.deprecation                        : HHH90000012: Recognized obsolete hibernate namespace http://hibernate.sourceforge.net/hibernate-configuration. Use namespace http://www.hibernate.org/dtd/hibernate-configuration instead.  Support for obsolete DTD/XSD namespaces may be removed at any time.
2019-11-04 22:45:34.550  INFO DESKTOP-QUT4GD8 --- [           main] o.h.a.c.Version                          : HCANN000001: Hibernate Commons Annotations {5.0.4.Final}
2019-11-04 22:45:35.556  WARN DESKTOP-QUT4GD8 --- [           main] o.h.o.c.pooling                          : HHH10001002: Using Hibernate built-in connection pool (not for production use!)
2019-11-04 22:45:35.589  INFO DESKTOP-QUT4GD8 --- [           main] o.h.o.c.pooling                          : HHH10001005: using driver [org.h2.Driver] at URL [jdbc:h2:mem:testdb]
2019-11-04 22:45:35.589  INFO DESKTOP-QUT4GD8 --- [           main] o.h.o.c.pooling                          : HHH10001001: Connection properties: {user=sa, password=****}
2019-11-04 22:45:35.590  INFO DESKTOP-QUT4GD8 --- [           main] o.h.o.c.pooling                          : HHH10001003: Autocommit mode: false
2019-11-04 22:45:35.601  INFO DESKTOP-QUT4GD8 --- [           main] .c.i.DriverManagerConnectionProviderImpl : HHH000115: Hibernate connection pool size: 20 (min=1)
2019-11-04 22:45:35.941  INFO DESKTOP-QUT4GD8 --- [           main] o.h.d.Dialect                            : HHH000400: Using dialect: org.hibernate.dialect.H2Dialect
2019-11-04 22:45:36.063  INFO DESKTOP-QUT4GD8 --- [           main] o.h.e.j.e.i.LobCreatorBuilderImpl        : HHH000423: Disabling contextual LOB creation as JDBC driver reported JDBC version [3] less than 4
2019-11-04 22:45:37.907  INFO DESKTOP-QUT4GD8 --- [           main] o.h.o.c.access                           : HHH10001501: Connection obtained from JdbcConnectionAccess [org.hibernate.engine.jdbc.env.internal.JdbcEnvironmentInitiator$ConnectionProviderJdbcConnectionAccess@1f1cae23] for (non-JTA) DDL execution was not in auto-commit mode; the Connection 'local transaction' will be committed and the Connection will be set into auto-commit mode.
2019-11-04 22:45:38.007  INFO DESKTOP-QUT4GD8 --- [           main] o.h.h.i.QueryTranslatorFactoryInitiator  : HHH000397: Using ASTQueryTranslatorFactory
2019-11-04 22:46:00.847  INFO DESKTOP-QUT4GD8 --- [           main] o.h.Version                              : HHH000412: Hibernate Core {5.3.9.Final}
2019-11-04 22:46:00.862  INFO DESKTOP-QUT4GD8 --- [           main] o.h.c.Environment                        : HHH000206: hibernate.properties not found
2019-11-04 22:46:01.159  WARN DESKTOP-QUT4GD8 --- [           main] o.h.o.deprecation                        : HHH90000012: Recognized obsolete hibernate namespace http://hibernate.sourceforge.net/hibernate-configuration. Use namespace http://www.hibernate.org/dtd/hibernate-configuration instead.  Support for obsolete DTD/XSD namespaces may be removed at any time.
2019-11-04 22:46:02.035  INFO DESKTOP-QUT4GD8 --- [           main] o.h.a.c.Version                          : HCANN000001: Hibernate Commons Annotations {5.0.4.Final}
2019-11-04 22:46:02.982  WARN DESKTOP-QUT4GD8 --- [           main] o.h.o.c.pooling                          : HHH10001002: Using Hibernate built-in connection pool (not for production use!)
2019-11-04 22:46:02.995  INFO DESKTOP-QUT4GD8 --- [           main] o.h.o.c.pooling                          : HHH10001005: using driver [org.h2.Driver] at URL [jdbc:h2:mem:testdb]
2019-11-04 22:46:02.995  INFO DESKTOP-QUT4GD8 --- [           main] o.h.o.c.pooling                          : HHH10001001: Connection properties: {user=sa, password=****}
2019-11-04 22:46:02.996  INFO DESKTOP-QUT4GD8 --- [           main] o.h.o.c.pooling                          : HHH10001003: Autocommit mode: false
2019-11-04 22:46:03.001  INFO DESKTOP-QUT4GD8 --- [           main] .c.i.DriverManagerConnectionProviderImpl : HHH000115: Hibernate connection pool size: 20 (min=1)
2019-11-04 22:46:03.159  INFO DESKTOP-QUT4GD8 --- [           main] o.h.d.Dialect                            : HHH000400: Using dialect: org.hibernate.dialect.H2Dialect
2019-11-04 22:46:03.256  INFO DESKTOP-QUT4GD8 --- [           main] o.h.e.j.e.i.LobCreatorBuilderImpl        : HHH000423: Disabling contextual LOB creation as JDBC driver reported JDBC version [3] less than 4
2019-11-04 22:46:04.627  INFO DESKTOP-QUT4GD8 --- [           main] o.h.o.c.access                           : HHH10001501: Connection obtained from JdbcConnectionAccess [org.hibernate.engine.jdbc.env.internal.JdbcEnvironmentInitiator$ConnectionProviderJdbcConnectionAccess@1f1cae23] for (non-JTA) DDL execution was not in auto-commit mode; the Connection 'local transaction' will be committed and the Connection will be set into auto-commit mode.
2019-11-04 22:46:04.747  INFO DESKTOP-QUT4GD8 --- [           main] o.h.h.i.QueryTranslatorFactoryInitiator  : HHH000397: Using ASTQueryTranslatorFactory
2019-11-04 22:58:31.029  INFO DESKTOP-QUT4GD8 --- [           main] o.h.Version                              : HHH000412: Hibernate Core {5.3.9.Final}
2019-11-04 22:58:31.046  INFO DESKTOP-QUT4GD8 --- [           main] o.h.c.Environment                        : HHH000206: hibernate.properties not found
2019-11-04 22:58:31.371  WARN DESKTOP-QUT4GD8 --- [           main] o.h.o.deprecation                        : HHH90000012: Recognized obsolete hibernate namespace http://hibernate.sourceforge.net/hibernate-configuration. Use namespace http://www.hibernate.org/dtd/hibernate-configuration instead.  Support for obsolete DTD/XSD namespaces may be removed at any time.
2019-11-04 22:58:32.233  INFO DESKTOP-QUT4GD8 --- [           main] o.h.a.c.Version                          : HCANN000001: Hibernate Commons Annotations {5.0.4.Final}
2019-11-04 22:58:33.044  WARN DESKTOP-QUT4GD8 --- [           main] o.h.o.c.pooling                          : HHH10001002: Using Hibernate built-in connection pool (not for production use!)
2019-11-04 22:58:33.059  INFO DESKTOP-QUT4GD8 --- [           main] o.h.o.c.pooling                          : HHH10001005: using driver [org.h2.Driver] at URL [jdbc:h2:mem:testdb]
2019-11-04 22:58:33.059  INFO DESKTOP-QUT4GD8 --- [           main] o.h.o.c.pooling                          : HHH10001001: Connection properties: {user=sa, password=****}
2019-11-04 22:58:33.060  INFO DESKTOP-QUT4GD8 --- [           main] o.h.o.c.pooling                          : HHH10001003: Autocommit mode: false
2019-11-04 22:58:33.065  INFO DESKTOP-QUT4GD8 --- [           main] .c.i.DriverManagerConnectionProviderImpl : HHH000115: Hibernate connection pool size: 20 (min=1)
2019-11-04 22:58:33.270  INFO DESKTOP-QUT4GD8 --- [           main] o.h.d.Dialect                            : HHH000400: Using dialect: org.hibernate.dialect.H2Dialect
2019-11-04 22:58:33.363  INFO DESKTOP-QUT4GD8 --- [           main] o.h.e.j.e.i.LobCreatorBuilderImpl        : HHH000423: Disabling contextual LOB creation as JDBC driver reported JDBC version [3] less than 4
2019-11-04 22:58:34.966  INFO DESKTOP-QUT4GD8 --- [           main] o.h.o.c.access                           : HHH10001501: Connection obtained from JdbcConnectionAccess [org.hibernate.engine.jdbc.env.internal.JdbcEnvironmentInitiator$ConnectionProviderJdbcConnectionAccess@1f1cae23] for (non-JTA) DDL execution was not in auto-commit mode; the Connection 'local transaction' will be committed and the Connection will be set into auto-commit mode.
2019-11-04 22:58:35.085  INFO DESKTOP-QUT4GD8 --- [           main] o.h.h.i.QueryTranslatorFactoryInitiator  : HHH000397: Using ASTQueryTranslatorFactory
2019-11-04 22:58:35.572  INFO DESKTOP-QUT4GD8 --- [           main] FileAppender                             : 
Successfully Created Records In The Database!

2019-11-04 23:01:27.980  INFO DESKTOP-QUT4GD8 --- [           main] o.h.Version                              : HHH000412: Hibernate Core {5.3.9.Final}
2019-11-04 23:01:28.004  INFO DESKTOP-QUT4GD8 --- [           main] o.h.c.Environment                        : HHH000206: hibernate.properties not found
2019-11-04 23:01:28.374  WARN DESKTOP-QUT4GD8 --- [           main] o.h.o.deprecation                        : HHH90000012: Recognized obsolete hibernate namespace http://hibernate.sourceforge.net/hibernate-configuration. Use namespace http://www.hibernate.org/dtd/hibernate-configuration instead.  Support for obsolete DTD/XSD namespaces may be removed at any time.
2019-11-04 23:01:28.847  INFO DESKTOP-QUT4GD8 --- [           main] o.h.a.c.Version                          : HCANN000001: Hibernate Commons Annotations {5.0.4.Final}
2019-11-04 23:01:30.113  WARN DESKTOP-QUT4GD8 --- [           main] o.h.o.c.pooling                          : HHH10001002: Using Hibernate built-in connection pool (not for production use!)
2019-11-04 23:01:30.129  INFO DESKTOP-QUT4GD8 --- [           main] o.h.o.c.pooling                          : HHH10001005: using driver [org.h2.Driver] at URL [jdbc:h2:mem:testdb]
2019-11-04 23:01:30.130  INFO DESKTOP-QUT4GD8 --- [           main] o.h.o.c.pooling                          : HHH10001001: Connection properties: {user=sa, password=****}
2019-11-04 23:01:30.130  INFO DESKTOP-QUT4GD8 --- [           main] o.h.o.c.pooling                          : HHH10001003: Autocommit mode: false
2019-11-04 23:01:30.140  INFO DESKTOP-QUT4GD8 --- [           main] .c.i.DriverManagerConnectionProviderImpl : HHH000115: Hibernate connection pool size: 20 (min=1)
2019-11-04 23:01:30.313  INFO DESKTOP-QUT4GD8 --- [           main] o.h.d.Dialect                            : HHH000400: Using dialect: org.hibernate.dialect.H2Dialect
2019-11-04 23:01:30.400  INFO DESKTOP-QUT4GD8 --- [           main] o.h.e.j.e.i.LobCreatorBuilderImpl        : HHH000423: Disabling contextual LOB creation as JDBC driver reported JDBC version [3] less than 4
2019-11-04 23:01:32.073  INFO DESKTOP-QUT4GD8 --- [           main] o.h.o.c.access                           : HHH10001501: Connection obtained from JdbcConnectionAccess [org.hibernate.engine.jdbc.env.internal.JdbcEnvironmentInitiator$ConnectionProviderJdbcConnectionAccess@1f1cae23] for (non-JTA) DDL execution was not in auto-commit mode; the Connection 'local transaction' will be committed and the Connection will be set into auto-commit mode.
2019-11-04 23:01:32.190  INFO DESKTOP-QUT4GD8 --- [           main] o.h.h.i.QueryTranslatorFactoryInitiator  : HHH000397: Using ASTQueryTranslatorFactory
2019-11-04 23:01:32.682  INFO DESKTOP-QUT4GD8 --- [           main] FileAppender                             : 
Successfully Created Records In The Database!

2019-11-04 23:10:16.405  INFO DESKTOP-QUT4GD8 --- [           main] o.h.Version                              : HHH000412: Hibernate Core {5.3.9.Final}
2019-11-04 23:10:16.981  INFO DESKTOP-QUT4GD8 --- [           main] o.h.c.Environment                        : HHH000206: hibernate.properties not found
2019-11-04 23:10:17.325  WARN DESKTOP-QUT4GD8 --- [           main] o.h.o.deprecation                        : HHH90000012: Recognized obsolete hibernate namespace http://hibernate.sourceforge.net/hibernate-configuration. Use namespace http://www.hibernate.org/dtd/hibernate-configuration instead.  Support for obsolete DTD/XSD namespaces may be removed at any time.
2019-11-04 23:10:17.754  INFO DESKTOP-QUT4GD8 --- [           main] o.h.a.c.Version                          : HCANN000001: Hibernate Commons Annotations {5.0.4.Final}
2019-11-04 23:10:18.500  WARN DESKTOP-QUT4GD8 --- [           main] o.h.o.c.pooling                          : HHH10001002: Using Hibernate built-in connection pool (not for production use!)
2019-11-04 23:10:18.528  INFO DESKTOP-QUT4GD8 --- [           main] o.h.o.c.pooling                          : HHH10001005: using driver [org.h2.Driver] at URL [jdbc:h2:mem:testdb]
2019-11-04 23:10:18.529  INFO DESKTOP-QUT4GD8 --- [           main] o.h.o.c.pooling                          : HHH10001001: Connection properties: {user=sa, password=****}
2019-11-04 23:10:18.529  INFO DESKTOP-QUT4GD8 --- [           main] o.h.o.c.pooling                          : HHH10001003: Autocommit mode: false
2019-11-04 23:10:18.537  INFO DESKTOP-QUT4GD8 --- [           main] .c.i.DriverManagerConnectionProviderImpl : HHH000115: Hibernate connection pool size: 20 (min=1)
2019-11-04 23:10:18.907  INFO DESKTOP-QUT4GD8 --- [           main] o.h.d.Dialect                            : HHH000400: Using dialect: org.hibernate.dialect.H2Dialect
2019-11-04 23:10:19.163  INFO DESKTOP-QUT4GD8 --- [           main] o.h.e.j.e.i.LobCreatorBuilderImpl        : HHH000423: Disabling contextual LOB creation as JDBC driver reported JDBC version [3] less than 4
2019-11-04 23:10:21.076  INFO DESKTOP-QUT4GD8 --- [           main] o.h.o.c.access                           : HHH10001501: Connection obtained from JdbcConnectionAccess [org.hibernate.engine.jdbc.env.internal.JdbcEnvironmentInitiator$ConnectionProviderJdbcConnectionAccess@1f1cae23] for (non-JTA) DDL execution was not in auto-commit mode; the Connection 'local transaction' will be committed and the Connection will be set into auto-commit mode.
2019-11-04 23:10:21.167  INFO DESKTOP-QUT4GD8 --- [           main] o.h.h.i.QueryTranslatorFactoryInitiator  : HHH000397: Using ASTQueryTranslatorFactory
2019-11-04 23:10:21.931  INFO DESKTOP-QUT4GD8 --- [           main] FileAppender                             : 
Successfully Created Records In The Database!

2019-11-04 23:16:42.186  INFO DESKTOP-QUT4GD8 --- [           main] o.h.Version                              : HHH000412: Hibernate Core {5.3.9.Final}
2019-11-04 23:16:42.223  INFO DESKTOP-QUT4GD8 --- [           main] o.h.c.Environment                        : HHH000206: hibernate.properties not found
2019-11-04 23:16:42.496  WARN DESKTOP-QUT4GD8 --- [           main] o.h.o.deprecation                        : HHH90000012: Recognized obsolete hibernate namespace http://hibernate.sourceforge.net/hibernate-configuration. Use namespace http://www.hibernate.org/dtd/hibernate-configuration instead.  Support for obsolete DTD/XSD namespaces may be removed at any time.
2019-11-04 23:16:43.142  INFO DESKTOP-QUT4GD8 --- [           main] o.h.a.c.Version                          : HCANN000001: Hibernate Commons Annotations {5.0.4.Final}
2019-11-04 23:16:44.276  WARN DESKTOP-QUT4GD8 --- [           main] o.h.o.c.pooling                          : HHH10001002: Using Hibernate built-in connection pool (not for production use!)
2019-11-04 23:16:44.306  INFO DESKTOP-QUT4GD8 --- [           main] o.h.o.c.pooling                          : HHH10001005: using driver [org.h2.Driver] at URL [jdbc:h2:mem:testdb]
2019-11-04 23:16:44.307  INFO DESKTOP-QUT4GD8 --- [           main] o.h.o.c.pooling                          : HHH10001001: Connection properties: {user=sa, password=****}
2019-11-04 23:16:44.307  INFO DESKTOP-QUT4GD8 --- [           main] o.h.o.c.pooling                          : HHH10001003: Autocommit mode: false
2019-11-04 23:16:44.316  INFO DESKTOP-QUT4GD8 --- [           main] .c.i.DriverManagerConnectionProviderImpl : HHH000115: Hibernate connection pool size: 20 (min=1)
2019-11-04 23:16:44.586  INFO DESKTOP-QUT4GD8 --- [           main] o.h.d.Dialect                            : HHH000400: Using dialect: org.hibernate.dialect.H2Dialect
2019-11-04 23:16:44.748  INFO DESKTOP-QUT4GD8 --- [           main] o.h.e.j.e.i.LobCreatorBuilderImpl        : HHH000423: Disabling contextual LOB creation as JDBC driver reported JDBC version [3] less than 4
2019-11-04 23:16:46.960  INFO DESKTOP-QUT4GD8 --- [           main] o.h.o.c.access                           : HHH10001501: Connection obtained from JdbcConnectionAccess [org.hibernate.engine.jdbc.env.internal.JdbcEnvironmentInitiator$ConnectionProviderJdbcConnectionAccess@1f1cae23] for (non-JTA) DDL execution was not in auto-commit mode; the Connection 'local transaction' will be committed and the Connection will be set into auto-commit mode.
2019-11-04 23:16:47.073  INFO DESKTOP-QUT4GD8 --- [           main] o.h.h.i.QueryTranslatorFactoryInitiator  : HHH000397: Using ASTQueryTranslatorFactory
2019-11-04 23:16:47.537  INFO DESKTOP-QUT4GD8 --- [           main] FileAppender                             : 
Successfully Created Records In The Database!

2019-11-04 23:18:13.191  INFO DESKTOP-QUT4GD8 --- [           main] o.h.Version                              : HHH000412: Hibernate Core {5.3.9.Final}
2019-11-04 23:18:13.211  INFO DESKTOP-QUT4GD8 --- [           main] o.h.c.Environment                        : HHH000206: hibernate.properties not found
